<?xml version="1.0" encoding="UTF-8"?>
<!-- Generated by org.testng.reporters.JUnitReportReporter -->
<testsuite hostname="DESKTOP-DHFHEL6" failures="0" tests="1" name="day1restAssured.HttpRequest" time="4.559" errors="0" timestamp="2025-02-02T21:23:28 IST" skipped="0">
  <testcase classname="day1restAssured.HttpRequest" name="getUser" time="4.559"/>
</testsuite> <!-- day1restAssured.HttpRequest -->
