<?xml version="1.0" encoding="UTF-8"?>
<!-- Generated by org.testng.reporters.JUnitReportReporter -->
<testsuite hostname="DESKTOP-DHFHEL6" failures="0" tests="3" name="practiceTestNG.CreateContact_DP_Test" time="0.032" errors="0" timestamp="2025-03-25T15:30:19 IST" skipped="0">
  <testcase classname="practiceTestNG.CreateContact_DP_Test" name="CreateContact" time="0.005"/>
  <system-out/>
  <testcase classname="practiceTestNG.CreateContact_DP_Test" name="CreateContact" time="0.009"/>
  <system-out/>
  <testcase classname="practiceTestNG.CreateContact_DP_Test" name="CreateContact" time="0.018"/>
  <system-out/>
</testsuite> <!-- practiceTestNG.CreateContact_DP_Test -->
