<?xml version="1.0" encoding="UTF-8"?>
<!-- Generated by org.testng.reporters.JUnitReportReporter -->
<testsuite hostname="DESKTOP-DHFHEL6" failures="0" tests="1" name="ObjectRepository.SampleTestWithoutPOM.SampleTestWithPOM" time="8.537" errors="0" timestamp="2025-03-21T11:58:04 IST" skipped="0">
  <testcase classname="ObjectRepository.SampleTestWithoutPOM.SampleTestWithPOM" name="sampleTest" time="8.537"/>
  <system-out/>
</testsuite> <!-- ObjectRepository.SampleTestWithoutPOM.SampleTestWithPOM -->
