<?xml version="1.0" encoding="UTF-8"?>
<!-- Generated by org.testng.reporters.JUnitReportReporter -->
<testsuite hostname="DESKTOP-DHFHEL6" failures="0" tests="1" name="TestNG_Task.SubscribeClass" time="24.020" errors="0" timestamp="2024-11-16T16:48:07 IST" skipped="0">
  <testcase classname="TestNG_Task.SubscribeClass" name="SubscribeBtn" time="24.020"/>
  <system-out>
    <![CDATA[Subscribe got executed]]>
  </system-out>
</testsuite> <!-- TestNG_Task.SubscribeClass -->
