<?xml version="1.0" encoding="UTF-8"?>
<!-- Generated by org.testng.reporters.JUnitReportReporter -->
<testsuite hostname="DESKTOP-DHFHEL6" failures="0" tests="3" name="practiceTest2.GetProductInfoTest" time="28.503" errors="0" timestamp="2025-03-24T16:22:18 IST" skipped="0">
  <testcase classname="practiceTest2.GetProductInfoTest" name="getProductInfoTest" time="8.869"/>
  <system-out/>
  <testcase classname="practiceTest2.GetProductInfoTest" name="getProductInfoTest" time="10.718"/>
  <system-out/>
  <testcase classname="practiceTest2.GetProductInfoTest" name="getProductInfoTest" time="8.916"/>
  <system-out/>
</testsuite> <!-- practiceTest2.GetProductInfoTest -->
