<?xml version="1.0" encoding="UTF-8"?>
<!-- Generated by org.testng.reporters.JUnitReportReporter -->
<testsuite hostname="DESKTOP-DHFHEL6" failures="0" tests="1" name="hardAssert1.SftAssrt" time="15.246" errors="0" timestamp="2024-11-24T11:44:50 IST" skipped="0">
  <testcase classname="hardAssert1.SftAssrt" name="sftsrt" time="15.246"/>
  <system-out/>
</testsuite> <!-- hardAssert1.SftAssrt -->
