<?xml version="1.0" encoding="UTF-8"?>
<!-- Generated by org.testng.reporters.JUnitReportReporter -->
<testsuite hostname="DESKTOP-DHFHEL6" failures="0" tests="2" name="pactice.homepagetest.HomePageSampleTest" time="0.032" errors="0" timestamp="2025-03-26T13:03:57 IST" skipped="0">
  <testcase classname="pactice.homepagetest.HomePageSampleTest" name="verifyLogoHomePageTest" time="0.003"/>
  <system-out/>
  <testcase classname="pactice.homepagetest.HomePageSampleTest" name="homePageTest" time="0.029"/>
  <system-out/>
</testsuite> <!-- pactice.homepagetest.HomePageSampleTest -->
