<?xml version="1.0" encoding="UTF-8"?>
<!-- Generated by org.testng.reporters.JUnitReportReporter -->
<testsuite hostname="DESKTOP-DHFHEL6" failures="0" tests="1" name="TestNG_Task.VoteClass" time="23.917" errors="0" timestamp="2024-11-16T16:48:07 IST" skipped="0">
  <testcase classname="TestNG_Task.VoteClass" name="VoteMthd" time="23.917"/>
  <system-out>
    <![CDATA[Search got executed]]>
  </system-out>
</testsuite> <!-- TestNG_Task.VoteClass -->
