<?xml version="1.0" encoding="UTF-8"?>
<!-- Generated by org.testng.reporters.JUnitReportReporter -->
<testsuite hostname="DESKTOP-DHFHEL6" failures="0" tests="1" name="practiceTest2.CreateContactConfigAnno" time="0.014" errors="0" timestamp="2025-03-24T18:17:35 IST" skipped="0">
  <testcase classname="practiceTest2.CreateContactConfigAnno" name="createContact" time="0.014"/>
  <system-out/>
</testsuite> <!-- practiceTest2.CreateContactConfigAnno -->
