<?xml version="1.0" encoding="UTF-8"?>
<!-- Generated by org.testng.reporters.JUnitReportReporter -->
<testsuite hostname="DESKTOP-DHFHEL6" failures="0" tests="1" name="Basics.ReadDataFromTestNG" time="0.017" errors="0" timestamp="2025-03-15T12:49:51 IST" skipped="0">
  <testcase classname="Basics.ReadDataFromTestNG" name="sampleTest" time="0.017"/>
  <system-out/>
</testsuite> <!-- Basics.ReadDataFromTestNG -->
