<?xml version="1.0" encoding="UTF-8"?>
<!-- Generated by org.testng.reporters.JUnitReportReporter -->
<testsuite hostname="DESKTOP-DHFHEL6" failures="0" tests="1" name="TestNgTaskPack.Facebook" time="21.249" errors="0" timestamp="2024-11-23T12:51:45 IST" skipped="0">
  <testcase classname="TestNgTaskPack.Facebook" name="facebook" time="21.249"/>
  <system-out>
    <![CDATA[Clicked on Facebook]]>
  </system-out>
</testsuite> <!-- TestNgTaskPack.Facebook -->
