<?xml version="1.0" encoding="UTF-8"?>
<!-- Generated by org.testng.reporters.JUnitReportReporter -->
<testsuite hostname="DESKTOP-DHFHEL6" failures="0" tests="1" name="practiceTestNG.SampleTest" time="0.022" errors="0" timestamp="2025-03-24T11:24:51 IST" skipped="0">
  <testcase classname="practiceTestNG.SampleTest" name="test" time="0.022"/>
  <system-out/>
</testsuite> <!-- practiceTestNG.SampleTest -->
