<?xml version="1.0" encoding="UTF-8"?>
<!-- Generated by org.testng.reporters.JUnitReportReporter -->
<testsuite hostname="DESKTOP-DHFHEL6" failures="0" tests="2" name="ConfigurationAnnotation.ConfigAnnotation" time="0.040" errors="0" timestamp="2024-11-23T15:20:21 IST" skipped="0">
  <testcase classname="ConfigurationAnnotation.ConfigAnnotation" name="test" time="0.011"/>
  <system-out/>
  <testcase classname="ConfigurationAnnotation.ConfigAnnotation" name="BS" time="0.029"/>
  <system-out/>
</testsuite> <!-- ConfigurationAnnotation.ConfigAnnotation -->
