<?xml version="1.0" encoding="UTF-8"?>
<!-- Generated by org.testng.reporters.JUnitReportReporter -->
<testsuite hostname="DESKTOP-DHFHEL6" failures="0" tests="1" name="practiceTest2.SampleReportTest" time="7.667" errors="0" timestamp="2025-03-28T13:39:55 IST" skipped="0">
  <testcase classname="practiceTest2.SampleReportTest" name="createContactTest" time="7.667"/>
  <system-out/>
</testsuite> <!-- practiceTest2.SampleReportTest -->
