<?xml version="1.0" encoding="UTF-8"?>
<!-- Generated by org.testng.reporters.JUnitReportReporter -->
<testsuite hostname="DESKTOP-DHFHEL6" failures="0" tests="1" name="TestNgTaskPack.ElectronicsClass" time="22.276" errors="0" timestamp="2024-11-23T12:51:45 IST" skipped="0">
  <testcase classname="TestNgTaskPack.ElectronicsClass" name="electronic" time="22.276"/>
  <system-out>
    <![CDATA[Clicked on Electronic]]>
  </system-out>
</testsuite> <!-- TestNgTaskPack.ElectronicsClass -->
