<?xml version="1.0" encoding="UTF-8"?>
<!-- Generated by org.testng.reporters.JUnitReportReporter -->
<testsuite hostname="DESKTOP-DHFHEL6" failures="0" tests="3" name="Basics.Demo" time="0.023" errors="0" timestamp="2024-11-16T14:30:23 IST" skipped="1">
  <testcase classname="Basics.Demo" name="Lilly" time="0.004"/>
  <system-out/>
  <testcase classname="Basics.Demo" name="Kookku" time="0.019"/>
  <system-out/>
  <testcase classname="Basics.Demo" name="Trunku">
    <skipped/>
  </testcase> <!-- Trunku -->
  <system-out/>
</testsuite> <!-- Basics.Demo -->
