<?xml version="1.0" encoding="UTF-8"?>
<!-- Generated by org.testng.reporters.JUnitReportReporter -->
<testsuite hostname="DESKTOP-DHFHEL6" failures="0" tests="1" name="practiceTestNG.CreateContact_DP_Test2" time="0.000" errors="0" timestamp="2025-03-25T15:30:19 IST" skipped="1">
  <testcase classname="practiceTestNG.CreateContact_DP_Test2" name="CreateContact" time="0.000">
    <skipped/>
  </testcase> <!-- CreateContact -->
  <system-out/>
</testsuite> <!-- practiceTestNG.CreateContact_DP_Test2 -->
