<?xml version="1.0" encoding="UTF-8"?>
<!-- Generated by org.testng.reporters.JUnitReportReporter -->
<testsuite hostname="DESKTOP-DHFHEL6" failures="0" tests="2" name="Helper_Attributes.DependsOnMethods" time="0.025" errors="0" timestamp="2024-11-16T15:00:44 IST" skipped="0">
  <testcase classname="Helper_Attributes.DependsOnMethods" name="Register" time="0.020"/>
  <system-out/>
  <testcase classname="Helper_Attributes.DependsOnMethods" name="Login" time="0.005"/>
  <system-out/>
</testsuite> <!-- Helper_Attributes.DependsOnMethods -->
