<?xml version="1.0" encoding="UTF-8"?>
<!-- Generated by org.testng.reporters.JUnitReportReporter -->
<testsuite hostname="DESKTOP-DHFHEL6" failures="0" tests="3" name="pactice.homepagetest.HomePageVerification" time="14.280" errors="0" timestamp="2025-03-26T12:02:33 IST" skipped="0">
  <testcase classname="pactice.homepagetest.HomePageVerification" name="sampleTest" time="0.003"/>
  <system-out/>
  <testcase classname="pactice.homepagetest.HomePageVerification" name="verifyLogoHomePageTest" time="6.062"/>
  <system-out/>
  <testcase classname="pactice.homepagetest.HomePageVerification" name="homePageTest" time="8.215"/>
  <system-out/>
</testsuite> <!-- pactice.homepagetest.HomePageVerification -->
