<?xml version="1.0" encoding="UTF-8"?>
<!-- Generated by org.testng.reporters.JUnitReportReporter -->
<testsuite hostname="DESKTOP-DHFHEL6" failures="0" tests="3" name="Helper_Attributes.HelperAttribute" time="0.032" errors="0" timestamp="2024-11-16T14:56:50 IST" skipped="0">
  <testcase classname="Helper_Attributes.HelperAttribute" name="Trunku" time="0.002"/>
  <system-out/>
  <testcase classname="Helper_Attributes.HelperAttribute" name="Kookku" time="0.019"/>
  <system-out/>
  <testcase classname="Helper_Attributes.HelperAttribute" name="Lilly" time="0.011"/>
  <system-out/>
</testsuite> <!-- Helper_Attributes.HelperAttribute -->
