<?xml version="1.0" encoding="UTF-8"?>
<!-- Generated by org.testng.reporters.JUnitReportReporter -->
<testsuite hostname="DESKTOP-DHFHEL6" failures="0" tests="1" name="TestNgTaskPack.AboutUs" time="22.177" errors="0" timestamp="2024-11-23T12:51:45 IST" skipped="0">
  <testcase classname="TestNgTaskPack.AboutUs" name="about" time="22.177"/>
  <system-out>
    <![CDATA[Clicked on About Us]]>
  </system-out>
</testsuite> <!-- TestNgTaskPack.AboutUs -->
