<?xml version="1.0" encoding="UTF-8"?>
<!-- Generated by org.testng.reporters.JUnitReportReporter -->
<testsuite hostname="DESKTOP-DHFHEL6" failures="0" tests="1" name="hardAssert1.HardAssertCls" time="11.785" errors="0" timestamp="2024-11-24T11:19:42 IST" skipped="0">
  <testcase classname="hardAssert1.HardAssertCls" name="hardassert" time="11.785"/>
  <system-out/>
</testsuite> <!-- hardAssert1.HardAssertCls -->
